2026-06-16 12:43:31.870 Uncaught app execution
Traceback (most recent call last):
  File "/Users/jonatan/Documents/projects/mundial-stadistic/.venv/lib/python3.13/site-packages/streamlit/runtime/scriptrunner/exec_code.py", line 129, in exec_func_with_error_handling
    result = func()
  File "/Users/jonatan/Documents/projects/mundial-stadistic/.venv/lib/python3.13/site-packages/streamlit/runtime/scriptrunner/script_runner.py", line 789, in code_to_exec
    exec(code, module.__dict__)  # noqa: S102
    ~~~~^^^^^^^^^^^^^^^^^^^^^^^
  File "/Users/jonatan/Documents/projects/mundial-stadistic/src/mundial/serve/dashboard.py", line 40, in <module>
    from mundial.config import model_info, team_names_es  # noqa: E402
    ^^^^^^^^^^^^^^^^^^^^^^^^^^^^^^^^^^^^^^^^^^^^^^^^^^^^
ImportError: cannot import name 'model_info' from 'mundial.config' (/Users/jonatan/Documents/projects/mundial-stadistic/src/mundial/config.py)
2026-06-16 12:43:31.871 Uncaught app execution
Traceback (most recent call last):
  File "/Users/jonatan/Documents/projects/mundial-stadistic/.venv/lib/python3.13/site-packages/streamlit/runtime/scriptrunner/exec_code.py", line 129, in exec_func_with_error_handling
    result = func()
  File "/Users/jonatan/Documents/projects/mundial-stadistic/.venv/lib/python3.13/site-packages/streamlit/runtime/scriptrunner/script_runner.py", line 789, in code_to_exec
    exec(code, module.__dict__)  # noqa: S102
    ~~~~^^^^^^^^^^^^^^^^^^^^^^^
  File "/Users/jonatan/Documents/projects/mundial-stadistic/src/mundial/serve/dashboard.py", line 40, in <module>
    from mundial.config import model_info, team_names_es  # noqa: E402
    ^^^^^^^^^^^^^^^^^^^^^^^^^^^^^^^^^^^^^^^^^^^^^^^^^^^^
ImportError: cannot import name 'model_info' from 'mundial.config' (/Users/jonatan/Documents/projects/mundial-stadistic/src/mundial/config.py)
