[1/6] Ingesta (versión 0.2.0+nogit)...
      49405 partidos de entrenamiento hasta 2026-06-12
[2/6] Peso del ensamble por backtest 2018+2022...
      w(elo)=0.50, w(dixon_coles)=0.50
[3/6] Entrenando modelos con todo el histórico...
      nu=0.778, gamma=1.329, rho=-0.0456, mu=1.343
[4/6] Pronóstico de los 72 partidos de fase de grupos...
[5/6] Simulación Monte Carlo del torneo...
[6/6] Reporte partido a partido...
      match_forecasts.csv, group_tables.csv, knockout_forecasts.csv,
      tournament_probabilities.csv, REPORT.md, prediction_log.csv
[1/6] Ingesta (versión 0.2.0+nogit)...
      49405 partidos de entrenamiento hasta 2026-06-12
[2/6] Peso del ensamble por backtest 2018+2022...
      w(elo)=0.50, w(dixon_coles)=0.50
[3/6] Entrenando modelos con todo el histórico...
      nu=0.778, gamma=1.329, rho=-0.0456, mu=1.343
[4/6] Pronóstico de los 72 partidos de fase de grupos...
[5/6] Simulación Monte Carlo del torneo...
[6/6] Reporte partido a partido...
      match_forecasts.csv, group_tables.csv, knockout_forecasts.csv,
      tournament_probabilities.csv, REPORT.md, prediction_log.csv
[1/6] Ingesta (versión 0.2.0+nogit)...
      49407 partidos de entrenamiento hasta 2026-06-12
[2/6] Peso del ensamble por backtest 2018+2022...
      w(elo)=0.50, w(dixon_coles)=0.50
[3/6] Entrenando modelos con todo el histórico...
      nu=0.778, gamma=1.330, rho=-0.0456, mu=1.343
[4/6] Pronóstico de los 72 partidos de fase de grupos...
[5/6] Simulación Monte Carlo del torneo...
      calibración: 2 partidos | log-loss acum 0.6074 (uniforme 1.0986)
[6/6] Reporte partido a partido...
      match_forecasts.csv, group_tables.csv, knockout_forecasts.csv,
      tournament_probabilities.csv, REPORT.md, prediction_log.csv
[1/6] Ingesta (versión 0.2.0+c6fe93b)...
      +2 resultados finales vía ESPN (aún no en el dataset)
      49409 partidos de entrenamiento hasta 2026-06-13
[2/6] Peso del ensamble por backtest 2018+2022...
      w(elo)=0.50, w(dixon_coles)=0.50
[3/6] Entrenando modelos con todo el histórico...
      nu=0.779, gamma=1.329, rho=-0.0464, mu=1.343
[4/6] Pronóstico de los 72 partidos de fase de grupos...
[5/6] Simulación Monte Carlo del torneo...
      calibración: 4 partidos | log-loss acum 0.9221 (uniforme 1.0986)
[6/6] Reporte partido a partido...
      match_forecasts.csv, group_tables.csv, knockout_forecasts.csv,
      tournament_probabilities.csv, REPORT.md, prediction_log.csv
[1/6] Ingesta (versión 0.2.0+c6fe93b)...
      49409 partidos de entrenamiento hasta 2026-06-13
[2/6] Peso del ensamble por backtest 2018+2022...
      w(elo)=0.50, w(dixon_coles)=0.50
[3/6] Entrenando modelos con todo el histórico...
      nu=0.779, gamma=1.329, rho=-0.0464, mu=1.343
[4/6] Pronóstico de los 72 partidos de fase de grupos...
[5/6] Simulación Monte Carlo del torneo...
      calibración: 4 partidos | log-loss acum 0.9221 (uniforme 1.0986)
[6/6] Reporte partido a partido...
      match_forecasts.csv, group_tables.csv, knockout_forecasts.csv,
      tournament_probabilities.csv, REPORT.md, prediction_log.csv
[1/6] Ingesta (versión 0.2.0+c6fe93b)...
      +3 resultados finales vía ESPN (aún no en el dataset)
      49412 partidos de entrenamiento hasta 2026-06-14
[2/6] Peso del ensamble por backtest 2018+2022...
      w(elo)=0.50, w(dixon_coles)=0.50
[3/6] Entrenando modelos con todo el histórico...
      nu=0.779, gamma=1.330, rho=-0.0470, mu=1.342
[4/6] Pronóstico de los 72 partidos de fase de grupos...
[5/6] Simulación Monte Carlo del torneo...
      calibración: 7 partidos | log-loss acum 1.0514 (uniforme 1.0986)
[6/6] Reporte partido a partido...
      match_forecasts.csv, group_tables.csv, knockout_forecasts.csv,
      tournament_probabilities.csv, REPORT.md, prediction_log.csv
[1/6] Ingesta (versión 0.2.0+c6fe93b)...
      49413 partidos de entrenamiento hasta 2026-06-14
[2/6] Peso del ensamble por backtest 2018+2022...
      w(elo)=0.50, w(dixon_coles)=0.50
[3/6] Entrenando modelos con todo el histórico...
      nu=0.779, gamma=1.330, rho=-0.0471, mu=1.342
[4/6] Pronóstico de los 72 partidos de fase de grupos...
[5/6] Simulación Monte Carlo del torneo...
      calibración: 8 partidos | log-loss acum 1.0480 (uniforme 1.0986)
[6/6] Reporte partido a partido...
      match_forecasts.csv, group_tables.csv, knockout_forecasts.csv,
      tournament_probabilities.csv, REPORT.md, prediction_log.csv
[1/6] Ingesta (versión 0.2.0+c6fe93b)...
      +3 resultados finales vía ESPN (aún no en el dataset)
      49416 partidos de entrenamiento hasta 2026-06-15
[2/6] Peso del ensamble por backtest 2018+2022...
      w(elo)=0.50, w(dixon_coles)=0.50
[3/6] Entrenando modelos con todo el histórico...
      nu=0.779, gamma=1.325, rho=-0.0467, mu=1.346
[4/6] Pronóstico de los 72 partidos de fase de grupos...
[5/6] Simulación Monte Carlo del torneo...
      calibración: 11 partidos | log-loss acum 1.0418 (uniforme 1.0986)
[6/6] Reporte partido a partido...
      match_forecasts.csv, group_tables.csv, knockout_forecasts.csv,
      tournament_probabilities.csv, REPORT.md, prediction_log.csv
[1/6] Ingesta (versión 0.2.0+c6fe93b)...
      49417 partidos de entrenamiento hasta 2026-06-15
[2/6] Peso del ensamble por backtest 2018+2022...
      w(elo)=0.50, w(dixon_coles)=0.50
[3/6] Entrenando modelos con todo el histórico...
      nu=0.779, gamma=1.322, rho=-0.0462, mu=1.348
[4/6] Pronóstico de los 72 partidos de fase de grupos...
[5/6] Simulación Monte Carlo del torneo...
      calibración: 12 partidos | log-loss acum 1.0424 (uniforme 1.0986)
[6/6] Reporte partido a partido...
      match_forecasts.csv, group_tables.csv, knockout_forecasts.csv,
      tournament_probabilities.csv, REPORT.md, prediction_log.csv
[1/6] Ingesta (versión 0.2.0+c6fe93b)...
      +4 resultados finales vía ESPN (aún no en el dataset)
      49421 partidos de entrenamiento hasta 2026-06-16
[2/6] Peso del ensamble por backtest 2018+2022...
      w(elo)=0.50, w(dixon_coles)=0.50
[3/6] Entrenando modelos con todo el histórico...
      nu=0.780, gamma=1.324, rho=-0.0501, mu=1.347
[4/6] Pronóstico de los 72 partidos de fase de grupos...
[5/6] Simulación Monte Carlo del torneo...
      calibración: 16 partidos | log-loss acum 1.1369 (uniforme 1.0986)
[6/6] Reporte partido a partido...
      match_forecasts.csv, group_tables.csv, knockout_forecasts.csv,
      tournament_probabilities.csv, REPORT.md, prediction_log.csv
[1/6] Ingesta (versión 0.2.0+c6fe93b)...
      +4 resultados finales vía ESPN (aún no en el dataset)
      49421 partidos de entrenamiento hasta 2026-06-16
[2/6] Peso del ensamble por backtest 2018+2022...
      w(elo)=0.50, w(dixon_coles)=0.50
[3/6] Entrenando modelos con todo el histórico...
      nu=0.780, gamma=1.324, rho=-0.0501, mu=1.347
[4/6] Pronóstico de los 72 partidos de fase de grupos...
[5/6] Simulación Monte Carlo del torneo...
      calibración: 16 partidos | log-loss acum 1.1369 (uniforme 1.0986)
[6/6] Reporte partido a partido...
      match_forecasts.csv, group_tables.csv, knockout_forecasts.csv,
      tournament_probabilities.csv, REPORT.md, prediction_log.csv
